11:23:16.983 [ApplicationImpl pooled thread 1543] INFO  c.b.l.BrowserStackRunExtension - maven
11:23:16.983 [ApplicationImpl pooled thread 1543] INFO  com.browserstack.utils.Helpers - null
11:26:33.384 [ApplicationImpl pooled thread 1536] INFO  c.b.l.BrowserStackRunExtension - maven
11:26:33.384 [ApplicationImpl pooled thread 1536] INFO  com.browserstack.utils.Helpers - null
13:18:27.945 [ApplicationImpl pooled thread 1696] INFO  c.b.l.BrowserStackRunExtension - maven
13:18:27.945 [ApplicationImpl pooled thread 1696] INFO  com.browserstack.utils.Helpers - null
13:19:36.036 [ApplicationImpl pooled thread 1712] INFO  c.b.l.BrowserStackRunExtension - maven
13:19:36.037 [ApplicationImpl pooled thread 1712] INFO  com.browserstack.utils.Helpers - null
13:19:53.490 [ApplicationImpl pooled thread 1696] INFO  c.b.l.BrowserStackRunExtension - maven
13:19:53.490 [ApplicationImpl pooled thread 1696] INFO  com.browserstack.utils.Helpers - null
13:20:44.693 [ApplicationImpl pooled thread 1712] INFO  c.b.l.BrowserStackRunExtension - maven
13:20:44.693 [ApplicationImpl pooled thread 1712] INFO  com.browserstack.utils.Helpers - null
13:20:54.393 [ApplicationImpl pooled thread 1719] INFO  c.b.l.BrowserStackRunExtension - maven
13:20:54.393 [ApplicationImpl pooled thread 1719] INFO  com.browserstack.utils.Helpers - null
13:24:44.618 [ApplicationImpl pooled thread 1731] INFO  c.b.l.BrowserStackRunExtension - maven
13:24:44.618 [ApplicationImpl pooled thread 1731] INFO  com.browserstack.utils.Helpers - null
13:29:23.539 [ApplicationImpl pooled thread 1737] INFO  c.b.l.BrowserStackRunExtension - testng
13:29:23.539 [ApplicationImpl pooled thread 1737] INFO  com.browserstack.utils.Helpers - null
13:29:23.542 [ApplicationImpl pooled thread 1737] INFO  c.b.l.BrowserStackRunExtension - Agent path: null
13:30:32.691 [ApplicationImpl pooled thread 1739] INFO  c.b.l.BrowserStackRunExtension - testng
13:30:32.692 [ApplicationImpl pooled thread 1739] INFO  com.browserstack.utils.Helpers - null
13:30:32.692 [ApplicationImpl pooled thread 1739] INFO  c.b.l.BrowserStackRunExtension - Agent path: null
13:31:30.641 [ApplicationImpl pooled thread 1737] INFO  c.b.l.BrowserStackRunExtension - testng
13:31:30.642 [ApplicationImpl pooled thread 1737] INFO  com.browserstack.utils.Helpers - null
13:31:30.642 [ApplicationImpl pooled thread 1737] INFO  c.b.l.BrowserStackRunExtension - Agent path: null
13:33:41.307 [ApplicationImpl pooled thread 1742] INFO  c.b.l.BrowserStackRunExtension - testng
13:33:41.307 [ApplicationImpl pooled thread 1742] INFO  com.browserstack.utils.Helpers - null
13:33:41.307 [ApplicationImpl pooled thread 1742] INFO  c.b.l.BrowserStackRunExtension - Agent path: null
13:38:48.086 [ApplicationImpl pooled thread 1762] INFO  c.b.l.BrowserStackRunExtension - testng
13:38:48.086 [ApplicationImpl pooled thread 1762] INFO  com.browserstack.utils.Helpers - null
13:38:48.087 [ApplicationImpl pooled thread 1762] INFO  c.b.l.BrowserStackRunExtension - Agent path: null
14:17:45.387 [ApplicationImpl pooled thread 1785] INFO  c.b.l.BrowserStackRunExtension - testng
14:17:45.387 [ApplicationImpl pooled thread 1785] INFO  com.browserstack.utils.Helpers - null
14:17:45.389 [ApplicationImpl pooled thread 1785] INFO  c.b.l.BrowserStackRunExtension - Agent path: null
14:38:29.598 [ApplicationImpl pooled thread 1806] INFO  c.b.l.BrowserStackRunExtension - maven
14:38:29.598 [ApplicationImpl pooled thread 1806] INFO  com.browserstack.utils.Helpers - null
14:39:41.558 [AWT-EventQueue-0] INFO  c.b.actions.EnableBrowserStack - Setting enable browserstack run update
14:39:41.563 [AWT-EventQueue-0] INFO  c.b.actions.DisableBrowserStack - Setting disable browserstack run update
16:13:51.680 [ApplicationImpl pooled thread 1906] INFO  c.b.l.BrowserStackRunExtension - testng
16:13:51.680 [ApplicationImpl pooled thread 1906] INFO  com.browserstack.utils.Helpers - null
16:13:51.681 [ApplicationImpl pooled thread 1906] INFO  c.b.l.BrowserStackRunExtension - Agent path: null
16:14:33.462 [ApplicationImpl pooled thread 1898] INFO  c.b.l.BrowserStackRunExtension - testng
16:14:33.463 [ApplicationImpl pooled thread 1898] INFO  com.browserstack.utils.Helpers - null
16:14:33.464 [ApplicationImpl pooled thread 1898] INFO  c.b.l.BrowserStackRunExtension - Agent path: null
16:15:45.808 [ApplicationImpl pooled thread 1901] INFO  c.b.l.BrowserStackRunExtension - testng
16:15:45.808 [ApplicationImpl pooled thread 1901] INFO  com.browserstack.utils.Helpers - null
16:15:45.809 [ApplicationImpl pooled thread 1901] INFO  c.b.l.BrowserStackRunExtension - Agent path: null
16:17:20.842 [ApplicationImpl pooled thread 1912] INFO  c.b.l.BrowserStackRunExtension - testng
16:17:20.842 [ApplicationImpl pooled thread 1912] INFO  com.browserstack.utils.Helpers - null
16:17:20.843 [ApplicationImpl pooled thread 1912] INFO  c.b.l.BrowserStackRunExtension - Agent path: null
16:18:21.952 [ApplicationImpl pooled thread 1900] INFO  c.b.l.BrowserStackRunExtension - testng
16:18:21.952 [ApplicationImpl pooled thread 1900] INFO  com.browserstack.utils.Helpers - null
16:18:21.952 [ApplicationImpl pooled thread 1900] INFO  c.b.l.BrowserStackRunExtension - Agent path: null
16:19:27.645 [ApplicationImpl pooled thread 1900] INFO  c.b.l.BrowserStackRunExtension - testng
16:19:27.645 [ApplicationImpl pooled thread 1900] INFO  com.browserstack.utils.Helpers - null
16:19:27.645 [ApplicationImpl pooled thread 1900] INFO  c.b.l.BrowserStackRunExtension - Agent path: null
16:21:11.046 [ApplicationImpl pooled thread 1900] INFO  c.b.l.BrowserStackRunExtension - testng
16:21:11.046 [ApplicationImpl pooled thread 1900] INFO  com.browserstack.utils.Helpers - null
16:21:11.046 [ApplicationImpl pooled thread 1900] INFO  c.b.l.BrowserStackRunExtension - Agent path: null
16:34:53.003 [ApplicationImpl pooled thread 1936] INFO  c.b.l.BrowserStackRunExtension - testng
16:34:53.003 [ApplicationImpl pooled thread 1936] INFO  com.browserstack.utils.Helpers - null
16:34:53.004 [ApplicationImpl pooled thread 1936] INFO  c.b.l.BrowserStackRunExtension - Agent path: null
19:23:27.515 [ApplicationImpl pooled thread 2011] INFO  c.b.l.BrowserStackRunExtension - testng
19:23:27.515 [ApplicationImpl pooled thread 2011] INFO  com.browserstack.utils.Helpers - null
19:23:27.515 [ApplicationImpl pooled thread 2011] INFO  c.b.l.BrowserStackRunExtension - Agent path: null
19:34:40.464 [ApplicationImpl pooled thread 2013] INFO  c.b.l.BrowserStackRunExtension - maven
19:34:40.464 [ApplicationImpl pooled thread 2013] INFO  com.browserstack.utils.Helpers - null
20:19:31.416 [ApplicationImpl pooled thread 2061] INFO  c.b.l.BrowserStackRunExtension - testng
20:19:31.416 [ApplicationImpl pooled thread 2061] INFO  com.browserstack.utils.Helpers - null
20:19:31.418 [ApplicationImpl pooled thread 2061] INFO  c.b.l.BrowserStackRunExtension - Agent path: null
20:20:18.941 [ApplicationImpl pooled thread 2065] INFO  c.b.l.BrowserStackRunExtension - testng
20:20:18.941 [ApplicationImpl pooled thread 2065] INFO  com.browserstack.utils.Helpers - null
20:20:18.941 [ApplicationImpl pooled thread 2065] INFO  c.b.l.BrowserStackRunExtension - Agent path: null
20:25:02.074 [ApplicationImpl pooled thread 2062] INFO  c.b.l.BrowserStackRunExtension - testng
20:25:02.075 [ApplicationImpl pooled thread 2062] INFO  com.browserstack.utils.Helpers - null
20:25:02.077 [ApplicationImpl pooled thread 2062] INFO  c.b.l.BrowserStackRunExtension - Agent path: null
20:29:29.484 [ApplicationImpl pooled thread 2073] INFO  c.b.l.BrowserStackRunExtension - testng
20:29:29.484 [ApplicationImpl pooled thread 2073] INFO  com.browserstack.utils.Helpers - null
20:29:29.485 [ApplicationImpl pooled thread 2073] INFO  c.b.l.BrowserStackRunExtension - Agent path: null
23:29:59.707 [ApplicationImpl pooled thread 2173] INFO  c.b.l.BrowserStackRunExtension - application
23:29:59.707 [ApplicationImpl pooled thread 2173] INFO  com.browserstack.utils.Helpers - null
23:30:28.087 [ApplicationImpl pooled thread 2187] INFO  c.b.l.BrowserStackRunExtension - testng
23:30:28.087 [ApplicationImpl pooled thread 2187] INFO  com.browserstack.utils.Helpers - null
23:30:28.088 [ApplicationImpl pooled thread 2187] INFO  c.b.l.BrowserStackRunExtension - Agent path: null
23:30:38.270 [ApplicationImpl pooled thread 2190] INFO  c.b.l.BrowserStackRunExtension - application
23:30:38.270 [ApplicationImpl pooled thread 2190] INFO  com.browserstack.utils.Helpers - null
23:31:47.397 [ApplicationImpl pooled thread 2182] INFO  c.b.l.BrowserStackRunExtension - application
23:31:47.397 [ApplicationImpl pooled thread 2182] INFO  com.browserstack.utils.Helpers - null
23:33:28.632 [ApplicationImpl pooled thread 2189] INFO  c.b.l.BrowserStackRunExtension - application
23:33:28.632 [ApplicationImpl pooled thread 2189] INFO  com.browserstack.utils.Helpers - null
23:34:43.518 [ApplicationImpl pooled thread 2190] INFO  c.b.l.BrowserStackRunExtension - application
23:34:43.518 [ApplicationImpl pooled thread 2190] INFO  com.browserstack.utils.Helpers - null
23:40:32.459 [ApplicationImpl pooled thread 2173] INFO  c.b.l.BrowserStackRunExtension - testng
23:40:32.459 [ApplicationImpl pooled thread 2173] INFO  com.browserstack.utils.Helpers - null
23:40:32.460 [ApplicationImpl pooled thread 2173] INFO  c.b.l.BrowserStackRunExtension - Agent path: null
23:41:02.188 [ApplicationImpl pooled thread 2197] INFO  c.b.l.BrowserStackRunExtension - testng
23:41:02.188 [ApplicationImpl pooled thread 2197] INFO  com.browserstack.utils.Helpers - null
23:41:02.189 [ApplicationImpl pooled thread 2197] INFO  c.b.l.BrowserStackRunExtension - Agent path: null
00:52:54.347 [ApplicationImpl pooled thread 2310] INFO  c.b.l.BrowserStackRunExtension - application
00:52:54.347 [ApplicationImpl pooled thread 2310] INFO  com.browserstack.utils.Helpers - null
00:53:24.052 [ApplicationImpl pooled thread 2311] INFO  c.b.l.BrowserStackRunExtension - application
00:53:24.052 [ApplicationImpl pooled thread 2311] INFO  com.browserstack.utils.Helpers - null
00:54:24.083 [ApplicationImpl pooled thread 2310] INFO  c.b.l.BrowserStackRunExtension - application
00:54:24.083 [ApplicationImpl pooled thread 2310] INFO  com.browserstack.utils.Helpers - null
01:01:45.597 [ApplicationImpl pooled thread 2318] INFO  c.b.l.BrowserStackRunExtension - application
01:01:45.597 [ApplicationImpl pooled thread 2318] INFO  com.browserstack.utils.Helpers - null
01:08:07.014 [ApplicationImpl pooled thread 2321] INFO  c.b.l.BrowserStackRunExtension - application
01:08:07.014 [ApplicationImpl pooled thread 2321] INFO  com.browserstack.utils.Helpers - null
01:11:34.808 [ApplicationImpl pooled thread 2325] INFO  c.b.l.BrowserStackRunExtension - application
01:11:34.809 [ApplicationImpl pooled thread 2325] INFO  com.browserstack.utils.Helpers - null
01:16:32.793 [ApplicationImpl pooled thread 2332] INFO  c.b.l.BrowserStackRunExtension - application
01:16:32.794 [ApplicationImpl pooled thread 2332] INFO  com.browserstack.utils.Helpers - null
01:21:12.631 [ApplicationImpl pooled thread 2339] INFO  c.b.l.BrowserStackRunExtension - application
01:21:12.631 [ApplicationImpl pooled thread 2339] INFO  com.browserstack.utils.Helpers - null
01:21:29.316 [ApplicationImpl pooled thread 2343] INFO  c.b.l.BrowserStackRunExtension - application
01:21:29.316 [ApplicationImpl pooled thread 2343] INFO  com.browserstack.utils.Helpers - null
01:22:21.922 [ApplicationImpl pooled thread 2337] INFO  c.b.l.BrowserStackRunExtension - application
01:22:21.923 [ApplicationImpl pooled thread 2337] INFO  com.browserstack.utils.Helpers - null
01:24:33.042 [ApplicationImpl pooled thread 2345] INFO  c.b.l.BrowserStackRunExtension - application
01:24:33.042 [ApplicationImpl pooled thread 2345] INFO  com.browserstack.utils.Helpers - null
01:29:57.716 [ApplicationImpl pooled thread 2348] INFO  c.b.l.BrowserStackRunExtension - application
01:29:57.716 [ApplicationImpl pooled thread 2348] INFO  com.browserstack.utils.Helpers - null
01:33:41.729 [ApplicationImpl pooled thread 2355] INFO  c.b.l.BrowserStackRunExtension - application
01:33:41.729 [ApplicationImpl pooled thread 2355] INFO  com.browserstack.utils.Helpers - null
01:36:34.629 [ApplicationImpl pooled thread 2348] INFO  c.b.l.BrowserStackRunExtension - application
01:36:34.629 [ApplicationImpl pooled thread 2348] INFO  com.browserstack.utils.Helpers - null
01:38:32.032 [ApplicationImpl pooled thread 2352] INFO  c.b.l.BrowserStackRunExtension - application
01:38:32.032 [ApplicationImpl pooled thread 2352] INFO  com.browserstack.utils.Helpers - null
01:39:50.187 [ApplicationImpl pooled thread 2352] INFO  c.b.l.BrowserStackRunExtension - application
01:39:50.187 [ApplicationImpl pooled thread 2352] INFO  com.browserstack.utils.Helpers - null
01:39:58.732 [ApplicationImpl pooled thread 2359] INFO  c.b.l.BrowserStackRunExtension - application
01:39:58.732 [ApplicationImpl pooled thread 2359] INFO  com.browserstack.utils.Helpers - null
01:45:25.051 [ApplicationImpl pooled thread 2363] INFO  c.b.l.BrowserStackRunExtension - application
01:45:25.052 [ApplicationImpl pooled thread 2363] INFO  com.browserstack.utils.Helpers - null
01:47:01.242 [ApplicationImpl pooled thread 2359] INFO  c.b.l.BrowserStackRunExtension - application
01:47:01.242 [ApplicationImpl pooled thread 2359] INFO  com.browserstack.utils.Helpers - null
01:50:38.979 [ApplicationImpl pooled thread 2370] INFO  c.b.l.BrowserStackRunExtension - application
01:50:38.979 [ApplicationImpl pooled thread 2370] INFO  com.browserstack.utils.Helpers - null
01:51:54.523 [ApplicationImpl pooled thread 2369] INFO  c.b.l.BrowserStackRunExtension - application
01:51:54.523 [ApplicationImpl pooled thread 2369] INFO  com.browserstack.utils.Helpers - null
01:52:42.180 [ApplicationImpl pooled thread 2370] INFO  c.b.l.BrowserStackRunExtension - application
01:52:42.181 [ApplicationImpl pooled thread 2370] INFO  com.browserstack.utils.Helpers - null
01:54:10.201 [ApplicationImpl pooled thread 2369] INFO  c.b.l.BrowserStackRunExtension - application
01:54:10.202 [ApplicationImpl pooled thread 2369] INFO  com.browserstack.utils.Helpers - null
02:10:39.988 [ApplicationImpl pooled thread 2391] INFO  c.b.l.BrowserStackRunExtension - testng
02:10:39.988 [ApplicationImpl pooled thread 2391] INFO  com.browserstack.utils.Helpers - null
02:10:39.988 [ApplicationImpl pooled thread 2391] INFO  c.b.l.BrowserStackRunExtension - Agent path: null
02:11:39.713 [ApplicationImpl pooled thread 2396] INFO  c.b.l.BrowserStackRunExtension - testng
02:11:39.713 [ApplicationImpl pooled thread 2396] INFO  com.browserstack.utils.Helpers - null
02:11:39.714 [ApplicationImpl pooled thread 2396] INFO  c.b.l.BrowserStackRunExtension - Agent path: null
02:20:40.501 [ApplicationImpl pooled thread 2405] INFO  c.b.l.BrowserStackRunExtension - testng
02:20:40.501 [ApplicationImpl pooled thread 2405] INFO  com.browserstack.utils.Helpers - null
02:20:40.503 [ApplicationImpl pooled thread 2405] INFO  c.b.l.BrowserStackRunExtension - Agent path: null
02:21:01.578 [ApplicationImpl pooled thread 2410] INFO  c.b.l.BrowserStackRunExtension - testng
02:21:01.578 [ApplicationImpl pooled thread 2410] INFO  com.browserstack.utils.Helpers - null
02:21:01.579 [ApplicationImpl pooled thread 2410] INFO  c.b.l.BrowserStackRunExtension - Agent path: null
02:22:01.499 [ApplicationImpl pooled thread 2410] INFO  c.b.l.BrowserStackRunExtension - testng
02:22:01.499 [ApplicationImpl pooled thread 2410] INFO  com.browserstack.utils.Helpers - null
02:22:01.502 [ApplicationImpl pooled thread 2410] INFO  c.b.l.BrowserStackRunExtension - Agent path: null
02:23:59.192 [ApplicationImpl pooled thread 2415] INFO  c.b.l.BrowserStackRunExtension - testng
02:23:59.192 [ApplicationImpl pooled thread 2415] INFO  com.browserstack.utils.Helpers - null
02:23:59.193 [ApplicationImpl pooled thread 2415] INFO  c.b.l.BrowserStackRunExtension - Agent path: null
02:24:22.858 [ApplicationImpl pooled thread 2391] INFO  c.b.l.BrowserStackRunExtension - testng
02:24:22.858 [ApplicationImpl pooled thread 2391] INFO  com.browserstack.utils.Helpers - null
02:24:22.860 [ApplicationImpl pooled thread 2391] INFO  c.b.l.BrowserStackRunExtension - Agent path: null
02:31:20.129 [ApplicationImpl pooled thread 2415] INFO  c.b.l.BrowserStackRunExtension - testng
02:31:20.129 [ApplicationImpl pooled thread 2415] INFO  com.browserstack.utils.Helpers - null
02:31:20.130 [ApplicationImpl pooled thread 2415] INFO  c.b.l.BrowserStackRunExtension - Agent path: null
02:32:36.188 [ApplicationImpl pooled thread 2423] INFO  c.b.l.BrowserStackRunExtension - testng
02:32:36.189 [ApplicationImpl pooled thread 2423] INFO  com.browserstack.utils.Helpers - null
02:32:36.189 [ApplicationImpl pooled thread 2423] INFO  c.b.l.BrowserStackRunExtension - Agent path: null
02:33:36.734 [ApplicationImpl pooled thread 2419] INFO  c.b.l.BrowserStackRunExtension - testng
02:33:36.734 [ApplicationImpl pooled thread 2419] INFO  com.browserstack.utils.Helpers - null
02:33:36.734 [ApplicationImpl pooled thread 2419] INFO  c.b.l.BrowserStackRunExtension - Agent path: null
02:34:27.017 [ApplicationImpl pooled thread 2415] INFO  c.b.l.BrowserStackRunExtension - testng
02:34:27.017 [ApplicationImpl pooled thread 2415] INFO  com.browserstack.utils.Helpers - null
02:34:27.020 [ApplicationImpl pooled thread 2415] INFO  c.b.l.BrowserStackRunExtension - Agent path: null
02:37:53.594 [ApplicationImpl pooled thread 2427] INFO  c.b.l.BrowserStackRunExtension - testng
02:37:53.595 [ApplicationImpl pooled thread 2427] INFO  com.browserstack.utils.Helpers - null
02:37:53.595 [ApplicationImpl pooled thread 2427] INFO  c.b.l.BrowserStackRunExtension - Agent path: null
02:45:15.925 [ApplicationImpl pooled thread 2443] INFO  c.b.l.BrowserStackRunExtension - testng
02:45:15.925 [ApplicationImpl pooled thread 2443] INFO  com.browserstack.utils.Helpers - null
02:45:15.927 [ApplicationImpl pooled thread 2443] INFO  c.b.l.BrowserStackRunExtension - Agent path: null
02:48:43.764 [ApplicationImpl pooled thread 2443] INFO  c.b.l.BrowserStackRunExtension - testng
02:48:43.765 [ApplicationImpl pooled thread 2443] INFO  com.browserstack.utils.Helpers - null
02:48:43.765 [ApplicationImpl pooled thread 2443] INFO  c.b.l.BrowserStackRunExtension - Agent path: null
02:50:22.815 [ApplicationImpl pooled thread 2441] INFO  c.b.l.BrowserStackRunExtension - testng
02:50:22.815 [ApplicationImpl pooled thread 2441] INFO  com.browserstack.utils.Helpers - null
02:50:22.817 [ApplicationImpl pooled thread 2441] INFO  c.b.l.BrowserStackRunExtension - Agent path: null
02:51:41.271 [ApplicationImpl pooled thread 2441] INFO  c.b.l.BrowserStackRunExtension - testng
02:51:41.271 [ApplicationImpl pooled thread 2441] INFO  com.browserstack.utils.Helpers - null
02:51:41.271 [ApplicationImpl pooled thread 2441] INFO  c.b.l.BrowserStackRunExtension - Agent path: null
02:54:42.780 [ApplicationImpl pooled thread 2433] INFO  c.b.l.BrowserStackRunExtension - testng
02:54:42.780 [ApplicationImpl pooled thread 2433] INFO  com.browserstack.utils.Helpers - null
02:54:42.782 [ApplicationImpl pooled thread 2433] INFO  c.b.l.BrowserStackRunExtension - Agent path: null
13:27:25.770 [ApplicationImpl pooled thread 99] INFO  c.b.l.BrowserStackRunExtension - testng
13:27:25.772 [ApplicationImpl pooled thread 99] INFO  com.browserstack.utils.Helpers - null
13:27:25.772 [ApplicationImpl pooled thread 99] INFO  c.b.l.BrowserStackRunExtension - Agent path: null
13:30:38.408 [ApplicationImpl pooled thread 130] INFO  c.b.l.BrowserStackRunExtension - testng
13:30:38.408 [ApplicationImpl pooled thread 130] INFO  com.browserstack.utils.Helpers - null
13:30:38.408 [ApplicationImpl pooled thread 130] INFO  c.b.l.BrowserStackRunExtension - Agent path: null
13:31:11.484 [ApplicationImpl pooled thread 128] INFO  c.b.l.BrowserStackRunExtension - testng
13:31:11.484 [ApplicationImpl pooled thread 128] INFO  com.browserstack.utils.Helpers - null
13:31:11.485 [ApplicationImpl pooled thread 128] INFO  c.b.l.BrowserStackRunExtension - Agent path: null
13:31:40.536 [ApplicationImpl pooled thread 136] INFO  c.b.l.BrowserStackRunExtension - testng
13:31:40.536 [ApplicationImpl pooled thread 136] INFO  com.browserstack.utils.Helpers - null
13:31:40.537 [ApplicationImpl pooled thread 136] INFO  c.b.l.BrowserStackRunExtension - Agent path: null
13:40:56.584 [ApplicationImpl pooled thread 123] INFO  c.b.l.BrowserStackRunExtension - testng
13:40:56.584 [ApplicationImpl pooled thread 123] INFO  com.browserstack.utils.Helpers - null
13:40:56.585 [ApplicationImpl pooled thread 123] INFO  c.b.l.BrowserStackRunExtension - Agent path: null
13:46:07.928 [ApplicationImpl pooled thread 152] INFO  c.b.l.BrowserStackRunExtension - testng
13:46:07.929 [ApplicationImpl pooled thread 152] INFO  com.browserstack.utils.Helpers - null
13:46:07.929 [ApplicationImpl pooled thread 152] INFO  c.b.l.BrowserStackRunExtension - Agent path: null
13:49:58.873 [ApplicationImpl pooled thread 160] INFO  c.b.l.BrowserStackRunExtension - testng
13:49:58.873 [ApplicationImpl pooled thread 160] INFO  com.browserstack.utils.Helpers - null
13:49:58.874 [ApplicationImpl pooled thread 160] INFO  c.b.l.BrowserStackRunExtension - Agent path: null
13:52:19.898 [ApplicationImpl pooled thread 158] INFO  c.b.l.BrowserStackRunExtension - testng
13:52:19.898 [ApplicationImpl pooled thread 158] INFO  com.browserstack.utils.Helpers - null
13:52:19.898 [ApplicationImpl pooled thread 158] INFO  c.b.l.BrowserStackRunExtension - Agent path: null
13:53:17.418 [ApplicationImpl pooled thread 152] INFO  c.b.l.BrowserStackRunExtension - testng
13:53:17.419 [ApplicationImpl pooled thread 152] INFO  com.browserstack.utils.Helpers - null
13:53:17.419 [ApplicationImpl pooled thread 152] INFO  c.b.l.BrowserStackRunExtension - Agent path: null
14:10:54.192 [ApplicationImpl pooled thread 177] INFO  c.b.l.BrowserStackRunExtension - testng
14:10:54.192 [ApplicationImpl pooled thread 177] INFO  com.browserstack.utils.Helpers - null
14:10:54.192 [ApplicationImpl pooled thread 177] INFO  c.b.l.BrowserStackRunExtension - Agent path: null
14:51:03.213 [ApplicationImpl pooled thread 200] INFO  c.b.l.BrowserStackRunExtension - testng
14:51:03.213 [ApplicationImpl pooled thread 200] INFO  com.browserstack.utils.Helpers - null
14:51:03.213 [ApplicationImpl pooled thread 200] INFO  c.b.l.BrowserStackRunExtension - Agent path: null
14:51:26.968 [ApplicationImpl pooled thread 210] INFO  c.b.l.BrowserStackRunExtension - testng
14:51:26.968 [ApplicationImpl pooled thread 210] INFO  com.browserstack.utils.Helpers - null
14:51:26.968 [ApplicationImpl pooled thread 210] INFO  c.b.l.BrowserStackRunExtension - Agent path: null
16:06:12.686 [ApplicationImpl pooled thread 240] INFO  c.b.l.BrowserStackRunExtension - testng
16:06:12.686 [ApplicationImpl pooled thread 240] INFO  com.browserstack.utils.Helpers - null
16:06:12.687 [ApplicationImpl pooled thread 240] INFO  c.b.l.BrowserStackRunExtension - Agent path: null
16:11:17.647 [ApplicationImpl pooled thread 246] INFO  c.b.l.BrowserStackRunExtension - testng
16:11:17.647 [ApplicationImpl pooled thread 246] INFO  com.browserstack.utils.Helpers - null
16:11:17.647 [ApplicationImpl pooled thread 246] INFO  c.b.l.BrowserStackRunExtension - Agent path: null
16:21:08.667 [ApplicationImpl pooled thread 258] INFO  c.b.l.BrowserStackRunExtension - testng
16:21:08.667 [ApplicationImpl pooled thread 258] INFO  com.browserstack.utils.Helpers - null
16:21:08.669 [ApplicationImpl pooled thread 258] INFO  c.b.l.BrowserStackRunExtension - Agent path: null
16:23:47.399 [ApplicationImpl pooled thread 263] INFO  c.b.l.BrowserStackRunExtension - testng
16:23:47.399 [ApplicationImpl pooled thread 263] INFO  com.browserstack.utils.Helpers - null
16:23:47.401 [ApplicationImpl pooled thread 263] INFO  c.b.l.BrowserStackRunExtension - Agent path: null
16:24:50.405 [ApplicationImpl pooled thread 254] INFO  c.b.l.BrowserStackRunExtension - testng
16:24:50.405 [ApplicationImpl pooled thread 254] INFO  com.browserstack.utils.Helpers - null
16:24:50.405 [ApplicationImpl pooled thread 254] INFO  c.b.l.BrowserStackRunExtension - Agent path: null
16:26:16.239 [ApplicationImpl pooled thread 265] INFO  c.b.l.BrowserStackRunExtension - testng
16:26:16.239 [ApplicationImpl pooled thread 265] INFO  com.browserstack.utils.Helpers - null
16:26:16.240 [ApplicationImpl pooled thread 265] INFO  c.b.l.BrowserStackRunExtension - Agent path: null
16:53:00.271 [ApplicationImpl pooled thread 285] INFO  c.b.l.BrowserStackRunExtension - testng
16:53:00.272 [ApplicationImpl pooled thread 285] INFO  com.browserstack.utils.Helpers - null
16:53:00.272 [ApplicationImpl pooled thread 285] INFO  c.b.l.BrowserStackRunExtension - Agent path: null
16:55:31.771 [ApplicationImpl pooled thread 280] INFO  c.b.l.BrowserStackRunExtension - testng
16:55:31.771 [ApplicationImpl pooled thread 280] INFO  com.browserstack.utils.Helpers - null
16:55:31.773 [ApplicationImpl pooled thread 280] INFO  c.b.l.BrowserStackRunExtension - Agent path: null
16:56:32.608 [ApplicationImpl pooled thread 285] INFO  c.b.l.BrowserStackRunExtension - testng
16:56:32.609 [ApplicationImpl pooled thread 285] INFO  com.browserstack.utils.Helpers - null
16:56:32.610 [ApplicationImpl pooled thread 285] INFO  c.b.l.BrowserStackRunExtension - Agent path: null
16:57:08.607 [ApplicationImpl pooled thread 289] INFO  c.b.l.BrowserStackRunExtension - testng
16:57:08.608 [ApplicationImpl pooled thread 289] INFO  com.browserstack.utils.Helpers - null
16:57:08.608 [ApplicationImpl pooled thread 289] INFO  c.b.l.BrowserStackRunExtension - Agent path: null
16:57:18.737 [ApplicationImpl pooled thread 285] INFO  c.b.l.BrowserStackRunExtension - testng
16:57:18.737 [ApplicationImpl pooled thread 285] INFO  com.browserstack.utils.Helpers - null
16:57:18.738 [ApplicationImpl pooled thread 285] INFO  c.b.l.BrowserStackRunExtension - Agent path: null
16:58:21.075 [ApplicationImpl pooled thread 274] INFO  c.b.l.BrowserStackRunExtension - testng
16:58:21.075 [ApplicationImpl pooled thread 274] INFO  com.browserstack.utils.Helpers - null
16:58:21.076 [ApplicationImpl pooled thread 274] INFO  c.b.l.BrowserStackRunExtension - Agent path: null
16:59:10.472 [ApplicationImpl pooled thread 289] INFO  c.b.l.BrowserStackRunExtension - testng
16:59:10.473 [ApplicationImpl pooled thread 289] INFO  com.browserstack.utils.Helpers - null
16:59:10.473 [ApplicationImpl pooled thread 289] INFO  c.b.l.BrowserStackRunExtension - Agent path: null
16:59:55.301 [ApplicationImpl pooled thread 289] INFO  c.b.l.BrowserStackRunExtension - testng
16:59:55.301 [ApplicationImpl pooled thread 289] INFO  com.browserstack.utils.Helpers - null
16:59:55.303 [ApplicationImpl pooled thread 289] INFO  c.b.l.BrowserStackRunExtension - Agent path: null
17:01:07.722 [ApplicationImpl pooled thread 285] INFO  c.b.l.BrowserStackRunExtension - testng
17:01:07.722 [ApplicationImpl pooled thread 285] INFO  com.browserstack.utils.Helpers - null
17:01:07.725 [ApplicationImpl pooled thread 285] INFO  c.b.l.BrowserStackRunExtension - Agent path: null
17:02:30.371 [ApplicationImpl pooled thread 287] INFO  c.b.l.BrowserStackRunExtension - testng
17:02:30.372 [ApplicationImpl pooled thread 287] INFO  com.browserstack.utils.Helpers - null
17:02:30.372 [ApplicationImpl pooled thread 287] INFO  c.b.l.BrowserStackRunExtension - Agent path: null
17:05:28.737 [ApplicationImpl pooled thread 295] INFO  c.b.l.BrowserStackRunExtension - testng
17:05:28.737 [ApplicationImpl pooled thread 295] INFO  com.browserstack.utils.Helpers - null
17:05:28.737 [ApplicationImpl pooled thread 295] INFO  c.b.l.BrowserStackRunExtension - Agent path: null
17:28:14.490 [ApplicationImpl pooled thread 303] INFO  c.b.l.BrowserStackRunExtension - testng
17:28:14.490 [ApplicationImpl pooled thread 303] INFO  com.browserstack.utils.Helpers - null
17:28:14.491 [ApplicationImpl pooled thread 303] INFO  c.b.l.BrowserStackRunExtension - Agent path: null
17:29:13.999 [ApplicationImpl pooled thread 303] INFO  c.b.l.BrowserStackRunExtension - testng
17:29:13.999 [ApplicationImpl pooled thread 303] INFO  com.browserstack.utils.Helpers - null
17:29:14.000 [ApplicationImpl pooled thread 303] INFO  c.b.l.BrowserStackRunExtension - Agent path: null
17:31:08.576 [ApplicationImpl pooled thread 307] INFO  c.b.l.BrowserStackRunExtension - testng
17:31:08.576 [ApplicationImpl pooled thread 307] INFO  com.browserstack.utils.Helpers - null
17:31:08.576 [ApplicationImpl pooled thread 307] INFO  c.b.l.BrowserStackRunExtension - Agent path: null
17:35:44.999 [ApplicationImpl pooled thread 327] INFO  c.b.l.BrowserStackRunExtension - testng
17:35:44.999 [ApplicationImpl pooled thread 327] INFO  com.browserstack.utils.Helpers - null
17:35:44.999 [ApplicationImpl pooled thread 327] INFO  c.b.l.BrowserStackRunExtension - Agent path: null
17:36:38.865 [ApplicationImpl pooled thread 328] INFO  c.b.l.BrowserStackRunExtension - testng
17:36:38.865 [ApplicationImpl pooled thread 328] INFO  com.browserstack.utils.Helpers - null
17:36:38.867 [ApplicationImpl pooled thread 328] INFO  c.b.l.BrowserStackRunExtension - Agent path: null
